<?xml version="1.0" encoding="UTF-8"?>
<!-- Generated by org.testng.reporters.JUnitReportReporter -->
<testsuite hostname="HariLapNinja" failures="0" tests="1" name="Myselenium.sessions.HomePage" time="14.171" errors="0" timestamp="2020-08-27T22:26:33 IST" skipped="0">
  <testcase classname="Myselenium.sessions.HomePage" name="basePageNavigation" time="14.171"/>
  <system-out/>
</testsuite> <!-- Myselenium.sessions.HomePage -->
