<?xml version="1.0" encoding="UTF-8"?>
<!-- Generated by org.testng.reporters.JUnitReportReporter -->
<testsuite hostname="HariLapNinja" failures="0" tests="1" name="Myselenium.sessions.HomePage" time="15.156" errors="0" timestamp="2020-08-28T09:53:49 IST" skipped="0">
  <testcase classname="Myselenium.sessions.HomePage" name="basePageNavigation" time="15.156"/>
  <system-out/>
</testsuite> <!-- Myselenium.sessions.HomePage -->
