<?xml version="1.0" encoding="UTF-8"?>
<!-- Generated by org.testng.reporters.JUnitReportReporter -->
<testsuite skipped="0" hostname="AutomationNinja" name="Myselenium.sessions.HomePage" tests="6" failures="0" timestamp="2021-06-08T13:15:26 IST" time="80.353" errors="0">
  <testcase name="basePageNavigation" time="12.747" classname="Myselenium.sessions.HomePage"/>
  <system-out/>
  <testcase name="basePageNavigation" time="12.840" classname="Myselenium.sessions.HomePage"/>
  <system-out/>
  <testcase name="basePageNavigation" time="12.965" classname="Myselenium.sessions.HomePage"/>
  <system-out/>
  <testcase name="basePageNavigation" time="12.453" classname="Myselenium.sessions.HomePage"/>
  <system-out/>
  <testcase name="basePageNavigation" time="17.030" classname="Myselenium.sessions.HomePage"/>
  <system-out/>
  <testcase name="basePageNavigation" time="12.318" classname="Myselenium.sessions.HomePage"/>
  <system-out/>
</testsuite> <!-- Myselenium.sessions.HomePage -->
